2013-04-09 16:34:42 [INFO] [ForgeModLoader] Forge Mod Loader version 4.7.4.520 for Minecraft 1.4.7 loading
2013-04-09 16:34:42 [INFO] [STDOUT] Bukkitforge call to getASMTransformer ...
2013-04-09 16:34:42 [INFO] [STDOUT] Bukkitforge call to getASMTransformer ...
2013-04-09 16:34:42 [INFO] [STDOUT] Adding Accesstransformer map: bukkit_at.cfg
2013-04-09 16:34:42 [INFO] [ForgeModLoader] Found valid fingerprint for Minecraft Forge. Certificate fingerprint de4cf8a3f3bc15635810044c39240bf96804ea7d
2013-04-09 16:34:43 [INFO] [STDOUT] Transforming gm using keepcalm.mods.bukkit.asm.replacements.ServerConfigurationManager_BukkitForge !test!
2013-04-09 16:34:43 [INFO] [STDOUT] Class Transformation running on ItemInWorldManager...
2013-04-09 16:34:43 [INFO] [STDOUT] Found target method d(III)Z! Searching for landmarks...
2013-04-09 16:34:43 [INFO] [STDOUT] Found Block object ASTORE Node at 10
2013-04-09 16:34:43 [INFO] [STDOUT] Block object is in local object 4
2013-04-09 16:34:43 [INFO] [STDOUT] Found metadata local variable ISTORE Node at 19
2013-04-09 16:34:43 [INFO] [STDOUT] Metadata is in local variable 5
2013-04-09 16:34:43 [INFO] [STDOUT] Found IFNULL Node at 23
2013-04-09 16:34:43 [INFO] [STDOUT] Found ALOAD Node at offset 3 from IFNULL Node
2013-04-09 16:34:43 [INFO] [STDOUT] Patching method ir/d(III)Z...
2013-04-09 16:34:43 [INFO] [STDOUT] Method ir/d(III)Z at index 25
2013-04-09 16:34:43 [INFO] [STDOUT] Patching Complete!
2013-04-09 16:34:43 [INFO] [STDOUT] Found target for ItemInWorldManager transformation: a()V! Searching for landmarks...
2013-04-09 16:34:43 [INFO] [STDOUT] Found landmark: RETURN, searching for previous landmark...
2013-04-09 16:34:43 [INFO] [STDOUT] Found IF_ICMPEQ at index 227 to R, which is at 251. Inserting function call after this...
2013-04-09 16:34:43 [INFO] [STDOUT] Will insert code at: 228
2013-04-09 16:34:43 [INFO] [STDOUT] Using desc: (Lir;)V
2013-04-09 16:34:43 [INFO] [STDOUT] Finished compiling instruction nodes, inserting new instructions... at 228
2013-04-09 16:34:43 [INFO] [STDOUT] Finished patching ItemInWorldManager! The game will now continue!
2013-04-09 16:34:43 [INFO] [STDOUT] Found global block break call: a(Lyc;IIIII)V
2013-04-09 16:34:43 [INFO] [STDOUT] Inserted instructions!
2013-04-09 16:34:43 [INFO] [STDOUT] Found target method: n(Lyc;III)V! Looking for landmark...
2013-04-09 16:34:43 [INFO] [STDOUT] Found insertion point - GETSTATIC followed by IF_ACMPEQ!
2013-04-09 16:34:43 [INFO] [STDOUT] Does bb equal null?
2013-04-09 16:34:43 [INFO] [STDOUT] Found landmark! Inserting code...
2013-04-09 16:34:43 [INFO] [STDOUT] Instructions have been compiled, adding to bytecode...
2013-04-09 16:34:43 [INFO] [STDOUT] Finished patching BlockDispenser!
2013-04-09 16:34:44 [INFO] [STDOUT] Transforming up...
2013-04-09 16:34:44 [INFO] [STDOUT] Inspecting 70 methods...
2013-04-09 16:34:44 [INFO] [STDOUT] Found matching constructor method in Item: <init>(I)V!
2013-04-09 16:34:44 [INFO] [STDOUT] Finished patching item-register method into BukkitForge!
2013-04-09 16:34:44 [INFO] [STDOUT] Manifest-Version=> 1.0
2013-04-09 16:34:44 [INFO] [STDOUT] Ant-Version=> Apache Ant 1.7.1
2013-04-09 16:34:44 [INFO] [STDOUT] Created-By=> 20.4-b02-402 (Apple Inc.)
2013-04-09 16:34:44 [INFO] [STDOUT] THIS SERVER IS RUNNING BUKKITFORGE null-null. JUST IN CASE SOMEONE ASKS!
2013-04-09 16:34:44 [INFO] [STDOUT] 210 recipes
2013-04-09 16:34:44 [INFO] [STDOUT] 27 achievements
2013-04-09 16:34:44 [INFO] [STDOUT] Transforming x using keepcalm.mods.bukkit.asm.replacements.CommandHandler_BukkitForge !test!
2013-04-09 16:34:45 [INFO] [STDOUT] Transforming net.minecraftforge.common.DimensionManager using keepcalm.mods.bukkit.asm.replacements.DimensionManager_BukkitForge !test!
