2013-04-08 21:07:29 [INFO] Starting minecraft server version 1.5.1
2013-04-08 21:07:31 [INFO] Loading properties
2013-04-08 21:07:31 [WARNING] server.properties does not exist
2013-04-08 21:07:31 [INFO] Generating new properties file
2013-04-08 21:07:31 [INFO] Default game type: SURVIVAL
2013-04-08 21:07:31 [INFO] Generating keypair
2013-04-08 21:07:33 [INFO] Starting Minecraft server on *:25565
2013-04-08 21:07:33 [WARNING] Failed to load operators list: java.io.FileNotFoundException: ./ops.txt (No such file or directory)
2013-04-08 21:07:33 [WARNING] Failed to load white-list: java.io.FileNotFoundException: ./white-list.txt (No such file or directory)
2013-04-08 21:07:34 [INFO] Preparing level "world"
2013-04-08 21:07:34 [INFO] Preparing start region for level 0
2013-04-08 21:07:35 [INFO] Preparing spawn area: 8%
2013-04-08 21:07:36 [INFO] Preparing spawn area: 19%
2013-04-08 21:07:37 [INFO] Preparing spawn area: 36%
2013-04-08 21:07:38 [INFO] Preparing spawn area: 51%
2013-04-08 21:07:39 [INFO] Preparing spawn area: 65%
2013-04-08 21:07:40 [INFO] Preparing spawn area: 78%
2013-04-08 21:07:41 [INFO] Preparing spawn area: 93%
2013-04-08 21:07:42 [INFO] Done (8.429s)! For help, type "help" or "?"
2013-04-08 21:08:10 [INFO] Stopping the server
2013-04-08 21:08:10 [INFO] Stopping server
2013-04-08 21:08:10 [INFO] Saving players
2013-04-08 21:08:10 [INFO] Saving worlds
2013-04-08 21:08:10 [INFO] Saving chunks for level 'world'/Overworld
2013-04-08 21:08:10 [INFO] Closing listening thread
2013-04-08 21:08:10 [INFO] Saving chunks for level 'world'/Nether
2013-04-08 21:08:10 [INFO] Saving chunks for level 'world'/The End
2013-04-08 21:08:12 [INFO] Stopping server
2013-04-08 21:30:09 [INFO] Starting minecraft server version 1.5.1
2013-04-08 21:30:10 [INFO] Loading properties
2013-04-08 21:30:10 [INFO] Default game type: SURVIVAL
2013-04-08 21:30:10 [INFO] Generating keypair
2013-04-08 21:30:10 [INFO] Starting Minecraft server on *:25565
2013-04-08 21:30:10 [INFO] Preparing level "world"
2013-04-08 21:30:11 [INFO] Preparing start region for level 0
2013-04-08 21:30:11 [INFO] Done (0.957s)! For help, type "help" or "?"
2013-04-08 21:30:17 [INFO] Stopping the server
2013-04-08 21:30:17 [INFO] Stopping server
2013-04-08 21:30:17 [INFO] Saving players
2013-04-08 21:30:17 [INFO] Saving worlds
2013-04-08 21:30:17 [INFO] Saving chunks for level 'world'/Overworld
2013-04-08 21:30:17 [INFO] Closing listening thread
2013-04-08 21:30:17 [INFO] Saving chunks for level 'world'/Nether
2013-04-08 21:30:17 [INFO] Saving chunks for level 'world'/The End
2013-04-08 21:32:43 [INFO] Starting minecraft server version 1.5.1
2013-04-08 21:32:44 [INFO] Loading properties
2013-04-08 21:32:44 [INFO] Default game type: SURVIVAL
2013-04-08 21:32:44 [INFO] Generating keypair
2013-04-08 21:32:44 [INFO] Starting Minecraft server on *:25565
2013-04-08 21:32:44 [INFO] Preparing level "world"
2013-04-08 21:32:45 [INFO] Preparing start region for level 0
2013-04-08 21:32:45 [INFO] Done (1.000s)! For help, type "help" or "?"
2013-04-08 21:32:51 [INFO] Stopping the server
2013-04-08 21:32:51 [INFO] Stopping server
2013-04-08 21:32:51 [INFO] Saving players
2013-04-08 21:32:51 [INFO] Saving worlds
2013-04-08 21:32:51 [INFO] Saving chunks for level 'world'/Overworld
2013-04-08 21:32:51 [INFO] Closing listening thread
2013-04-08 21:32:51 [INFO] Saving chunks for level 'world'/Nether
2013-04-08 21:32:51 [INFO] Saving chunks for level 'world'/The End
2013-04-08 21:32:51 [INFO] Stopping server
2013-04-08 21:52:18 [INFO] Starting minecraft server version 1.5.1
2013-04-08 21:52:19 [INFO] Loading properties
2013-04-08 21:52:19 [INFO] Default game type: SURVIVAL
2013-04-08 21:52:19 [INFO] Generating keypair
2013-04-08 21:52:19 [INFO] Starting Minecraft server on *:25565
2013-04-08 21:52:19 [INFO] Preparing level "world"
2013-04-08 21:52:20 [INFO] Preparing start region for level 0
2013-04-08 21:52:21 [INFO] Done (1.426s)! For help, type "help" or "?"
2013-04-08 21:52:37 [INFO] Stopping server
2013-04-08 21:52:37 [INFO] Saving players
2013-04-08 21:52:37 [INFO] Saving worlds
2013-04-08 21:52:37 [INFO] Saving chunks for level 'world'/Overworld
2013-04-08 21:52:37 [INFO] Closing listening thread
2013-04-08 21:52:37 [INFO] Saving chunks for level 'world'/Nether
2013-04-08 21:52:37 [INFO] Saving chunks for level 'world'/The End
2013-04-08 21:52:37 [INFO] Stopping server
2013-04-08 22:03:25 [INFO] Starting minecraft server version 1.5.1
2013-04-08 22:03:26 [INFO] Loading properties
2013-04-08 22:03:26 [INFO] Default game type: SURVIVAL
2013-04-08 22:03:26 [INFO] Generating keypair
2013-04-08 22:03:27 [INFO] Starting Minecraft server on *:25565
2013-04-08 22:03:27 [INFO] Preparing level "world"
2013-04-08 22:03:27 [INFO] Preparing start region for level 0
2013-04-08 22:03:28 [INFO] Done (1.438s)! For help, type "help" or "?"
2013-04-08 22:03:37 [INFO] Unknown command. Try /help for a list of commands.
2013-04-08 22:03:46 [INFO] Unknown command. Try /help for a list of commands.
2013-04-08 22:03:50 [INFO] --- Showing help page 1 of 6 (/help <page>) ---
2013-04-08 22:03:50 [INFO] /ban <name> [reason ...]
2013-04-08 22:03:50 [INFO] /ban-ip <address|name> [reason ...]
2013-04-08 22:03:50 [INFO] /banlist [ips|players]
2013-04-08 22:03:50 [INFO] /clear <player> [item] [data]
2013-04-08 22:03:50 [INFO] /debug
2013-04-08 22:03:50 [INFO] /defaultgamemode <mode>
2013-04-08 22:03:50 [INFO] /deop <player>
2013-04-08 22:03:53 [INFO] Stopping server
2013-04-08 22:03:53 [INFO] Saving players
2013-04-08 22:03:53 [INFO] Saving worlds
2013-04-08 22:03:53 [INFO] Saving chunks for level 'world'/Overworld
2013-04-08 22:03:53 [INFO] Closing listening thread
2013-04-08 22:03:53 [INFO] Saving chunks for level 'world'/Nether
2013-04-08 22:03:53 [INFO] Saving chunks for level 'world'/The End
2013-04-08 22:03:54 [INFO] Stopping server
